<?xml version="1.0" encoding="UTF-8"?>
<testsuite xmlns:xsi="http://www.w3.org/2001/XMLSchema-instance" xsi:noNamespaceSchemaLocation="https://maven.apache.org/surefire/maven-surefire-plugin/xsd/surefire-test-report-3.0.xsd" version="3.0" name="TestSuite" time="184.341" tests="10" errors="0" skipped="0" failures="2">
  <properties>
    <property name="sun.desktop" value="windows"/>
    <property name="awt.toolkit" value="sun.awt.windows.WToolkit"/>
    <property name="file.encoding.pkg" value="sun.io"/>
    <property name="java.specification.version" value="1.8"/>
    <property name="webdriver.chrome.driver" value="local_driver/chromedriver.exe"/>
    <property name="sun.cpu.isalist" value="amd64"/>
    <property name="sun.jnu.encoding" value="Cp1252"/>
    <property name="java.class.path" value="C:\Users\TED\Documents\pawk\formation\selenium ISTQB\framework\demo_test\target\test-classes;C:\Users\TED\Documents\pawk\formation\selenium ISTQB\framework\demo_test\target\classes;C:\Users\TED\.m2\repository\org\seleniumhq\selenium\selenium-java\4.0.0-alpha-5\selenium-java-4.0.0-alpha-5.jar;C:\Users\TED\.m2\repository\org\seleniumhq\selenium\selenium-api\4.0.0-alpha-5\selenium-api-4.0.0-alpha-5.jar;C:\Users\TED\.m2\repository\org\seleniumhq\selenium\selenium-chrome-driver\4.0.0-alpha-5\selenium-chrome-driver-4.0.0-alpha-5.jar;C:\Users\TED\.m2\repository\com\google\auto\service\auto-service-annotations\1.0-rc6\auto-service-annotations-1.0-rc6.jar;C:\Users\TED\.m2\repository\com\google\auto\service\auto-service\1.0-rc6\auto-service-1.0-rc6.jar;C:\Users\TED\.m2\repository\com\google\auto\auto-common\0.10\auto-common-0.10.jar;C:\Users\TED\.m2\repository\com\google\guava\guava\28.2-jre\guava-28.2-jre.jar;C:\Users\TED\.m2\repository\com\google\guava\failureaccess\1.0.1\failureaccess-1.0.1.jar;C:\Users\TED\.m2\repository\com\google\guava\listenablefuture\9999.0-empty-to-avoid-conflict-with-guava\listenablefuture-9999.0-empty-to-avoid-conflict-with-guava.jar;C:\Users\TED\.m2\repository\org\checkerframework\checker-qual\2.10.0\checker-qual-2.10.0.jar;C:\Users\TED\.m2\repository\com\google\errorprone\error_prone_annotations\2.3.4\error_prone_annotations-2.3.4.jar;C:\Users\TED\.m2\repository\com\google\j2objc\j2objc-annotations\1.3\j2objc-annotations-1.3.jar;C:\Users\TED\.m2\repository\org\seleniumhq\selenium\selenium-chromium-driver\4.0.0-alpha-5\selenium-chromium-driver-4.0.0-alpha-5.jar;C:\Users\TED\.m2\repository\org\seleniumhq\selenium\selenium-devtools\4.0.0-alpha-5\selenium-devtools-4.0.0-alpha-5.jar;C:\Users\TED\.m2\repository\org\seleniumhq\selenium\selenium-http\4.0.0-alpha-5\selenium-http-4.0.0-alpha-5.jar;C:\Users\TED\.m2\repository\org\seleniumhq\selenium\selenium-json\4.0.0-alpha-5\selenium-json-4.0.0-alpha-5.jar;C:\Users\TED\.m2\repository\org\seleniumhq\selenium\selenium-edge-driver\4.0.0-alpha-5\selenium-edge-driver-4.0.0-alpha-5.jar;C:\Users\TED\.m2\repository\org\seleniumhq\selenium\selenium-edgehtml-driver\4.0.0-alpha-5\selenium-edgehtml-driver-4.0.0-alpha-5.jar;C:\Users\TED\.m2\repository\org\seleniumhq\selenium\selenium-firefox-driver\4.0.0-alpha-5\selenium-firefox-driver-4.0.0-alpha-5.jar;C:\Users\TED\.m2\repository\org\seleniumhq\selenium\selenium-firefox-xpi-driver\4.0.0-alpha-5\selenium-firefox-xpi-driver-4.0.0-alpha-5.jar;C:\Users\TED\.m2\repository\org\seleniumhq\selenium\selenium-ie-driver\4.0.0-alpha-5\selenium-ie-driver-4.0.0-alpha-5.jar;C:\Users\TED\.m2\repository\org\seleniumhq\selenium\selenium-opera-driver\4.0.0-alpha-5\selenium-opera-driver-4.0.0-alpha-5.jar;C:\Users\TED\.m2\repository\org\seleniumhq\selenium\selenium-remote-driver\4.0.0-alpha-5\selenium-remote-driver-4.0.0-alpha-5.jar;C:\Users\TED\.m2\repository\com\squareup\okhttp3\okhttp\4.4.1\okhttp-4.4.1.jar;C:\Users\TED\.m2\repository\org\jetbrains\kotlin\kotlin-stdlib\1.3.61\kotlin-stdlib-1.3.61.jar;C:\Users\TED\.m2\repository\org\jetbrains\annotations\13.0\annotations-13.0.jar;C:\Users\TED\.m2\repository\com\squareup\okio\okio\2.4.3\okio-2.4.3.jar;C:\Users\TED\.m2\repository\org\jetbrains\kotlin\kotlin-stdlib-common\1.3.61\kotlin-stdlib-common-1.3.61.jar;C:\Users\TED\.m2\repository\com\typesafe\netty\netty-reactive-streams\2.0.4\netty-reactive-streams-2.0.4.jar;C:\Users\TED\.m2\repository\io\netty\netty-handler\4.1.43.Final\netty-handler-4.1.43.Final.jar;C:\Users\TED\.m2\repository\org\reactivestreams\reactive-streams\1.0.3\reactive-streams-1.0.3.jar;C:\Users\TED\.m2\repository\io\netty\netty-buffer\4.1.47.Final\netty-buffer-4.1.47.Final.jar;C:\Users\TED\.m2\repository\io\netty\netty-common\4.1.47.Final\netty-common-4.1.47.Final.jar;C:\Users\TED\.m2\repository\io\netty\netty-codec-http\4.1.47.Final\netty-codec-http-4.1.47.Final.jar;C:\Users\TED\.m2\repository\io\netty\netty-codec\4.1.47.Final\netty-codec-4.1.47.Final.jar;C:\Users\TED\.m2\repository\io\netty\netty-transport-native-epoll\4.1.47.Final\netty-transport-native-epoll-4.1.47.Final.jar;C:\Users\TED\.m2\repository\io\netty\netty-transport-native-epoll\4.1.47.Final\netty-transport-native-epoll-4.1.47.Final-linux-x86_64.jar;C:\Users\TED\.m2\repository\io\netty\netty-transport-native-kqueue\4.1.47.Final\netty-transport-native-kqueue-4.1.47.Final.jar;C:\Users\TED\.m2\repository\io\netty\netty-transport-native-kqueue\4.1.47.Final\netty-transport-native-kqueue-4.1.47.Final-osx-x86_64.jar;C:\Users\TED\.m2\repository\io\netty\netty-transport-native-unix-common\4.1.47.Final\netty-transport-native-unix-common-4.1.47.Final.jar;C:\Users\TED\.m2\repository\io\netty\netty-transport\4.1.47.Final\netty-transport-4.1.47.Final.jar;C:\Users\TED\.m2\repository\io\netty\netty-resolver\4.1.47.Final\netty-resolver-4.1.47.Final.jar;C:\Users\TED\.m2\repository\io\opentelemetry\opentelemetry-api\0.2.0\opentelemetry-api-0.2.0.jar;C:\Users\TED\.m2\repository\io\grpc\grpc-context\1.24.0\grpc-context-1.24.0.jar;C:\Users\TED\.m2\repository\net\bytebuddy\byte-buddy\1.10.8\byte-buddy-1.10.8.jar;C:\Users\TED\.m2\repository\org\apache\commons\commons-exec\1.3\commons-exec-1.3.jar;C:\Users\TED\.m2\repository\org\asynchttpclient\async-http-client\2.11.0\async-http-client-2.11.0.jar;C:\Users\TED\.m2\repository\org\asynchttpclient\async-http-client-netty-utils\2.11.0\async-http-client-netty-utils-2.11.0.jar;C:\Users\TED\.m2\repository\io\netty\netty-codec-socks\4.1.46.Final\netty-codec-socks-4.1.46.Final.jar;C:\Users\TED\.m2\repository\io\netty\netty-handler-proxy\4.1.46.Final\netty-handler-proxy-4.1.46.Final.jar;C:\Users\TED\.m2\repository\com\sun\activation\javax.activation\1.2.0\javax.activation-1.2.0.jar;C:\Users\TED\.m2\repository\org\seleniumhq\selenium\selenium-safari-driver\4.0.0-alpha-5\selenium-safari-driver-4.0.0-alpha-5.jar;C:\Users\TED\.m2\repository\org\seleniumhq\selenium\selenium-support\4.0.0-alpha-5\selenium-support-4.0.0-alpha-5.jar;C:\Users\TED\.m2\repository\io\cucumber\cucumber-java\7.2.3\cucumber-java-7.2.3.jar;C:\Users\TED\.m2\repository\io\cucumber\cucumber-core\7.2.3\cucumber-core-7.2.3.jar;C:\Users\TED\.m2\repository\io\cucumber\cucumber-gherkin\7.2.3\cucumber-gherkin-7.2.3.jar;C:\Users\TED\.m2\repository\io\cucumber\cucumber-gherkin-messages\7.2.3\cucumber-gherkin-messages-7.2.3.jar;C:\Users\TED\.m2\repository\io\cucumber\messages\17.1.1\messages-17.1.1.jar;C:\Users\TED\.m2\repository\io\cucumber\tag-expressions\4.1.0\tag-expressions-4.1.0.jar;C:\Users\TED\.m2\repository\io\cucumber\cucumber-expressions\15.0.1\cucumber-expressions-15.0.1.jar;C:\Users\TED\.m2\repository\io\cucumber\datatable\7.2.3\datatable-7.2.3.jar;C:\Users\TED\.m2\repository\io\cucumber\cucumber-plugin\7.2.3\cucumber-plugin-7.2.3.jar;C:\Users\TED\.m2\repository\io\cucumber\docstring\7.2.3\docstring-7.2.3.jar;C:\Users\TED\.m2\repository\io\cucumber\html-formatter\17.0.0\html-formatter-17.0.0.jar;C:\Users\TED\.m2\repository\io\cucumber\ci-environment\8.1.0\ci-environment-8.1.0.jar;C:\Users\TED\.m2\repository\org\apiguardian\apiguardian-api\1.1.2\apiguardian-api-1.1.2.jar;C:\Users\TED\.m2\repository\io\cucumber\cucumber-picocontainer\7.2.3\cucumber-picocontainer-7.2.3.jar;C:\Users\TED\.m2\repository\org\picocontainer\picocontainer\2.15\picocontainer-2.15.jar;C:\Users\TED\.m2\repository\io\cucumber\cucumber-testng\7.2.3\cucumber-testng-7.2.3.jar;C:\Users\TED\.m2\repository\io\cucumber\cucumber-jvm-deps\1.0.6\cucumber-jvm-deps-1.0.6.jar;C:\Users\TED\.m2\repository\io\cucumber\gherkin\5.1.0\gherkin-5.1.0.jar;C:\Users\TED\.m2\repository\io\cucumber\gherkin-jvm-deps\1.0.4\gherkin-jvm-deps-1.0.4.jar;C:\Users\TED\.m2\repository\org\testng\testng\7.5\testng-7.5.jar;C:\Users\TED\.m2\repository\com\google\code\findbugs\jsr305\3.0.1\jsr305-3.0.1.jar;C:\Users\TED\.m2\repository\org\slf4j\slf4j-api\1.7.32\slf4j-api-1.7.32.jar;C:\Users\TED\.m2\repository\com\beust\jcommander\1.78\jcommander-1.78.jar;C:\Users\TED\.m2\repository\org\webjars\jquery\3.5.1\jquery-3.5.1.jar;C:\Users\TED\.m2\repository\io\qameta\allure\allure-cucumber7-jvm\2.17.3\allure-cucumber7-jvm-2.17.3.jar;C:\Users\TED\.m2\repository\io\qameta\allure\allure-java-commons\2.17.3\allure-java-commons-2.17.3.jar;C:\Users\TED\.m2\repository\io\qameta\allure\allure-model\2.17.3\allure-model-2.17.3.jar;C:\Users\TED\.m2\repository\org\apache\logging\log4j\log4j-core\2.17.2\log4j-core-2.17.2.jar;C:\Users\TED\.m2\repository\org\apache\logging\log4j\log4j-api\2.17.2\log4j-api-2.17.2.jar;"/>
    <property name="java.vm.vendor" value="Oracle Corporation"/>
    <property name="sun.arch.data.model" value="64"/>
    <property name="user.variant" value=""/>
    <property name="java.vendor.url" value="http://java.oracle.com/"/>
    <property name="user.timezone" value="Europe/Paris"/>
    <property name="java.vm.specification.version" value="1.8"/>
    <property name="os.name" value="Windows 10"/>
    <property name="user.country" value="FR"/>
    <property name="sun.java.launcher" value="SUN_STANDARD"/>
    <property name="sun.boot.library.path" value="C:\Program Files\Java\jdk1.8.0_211\jre\bin"/>
    <property name="sun.java.command" value="C:\Users\TED\AppData\Local\Temp\surefire903593206458933344\surefirebooter1756388859952820988.jar C:\Users\TED\AppData\Local\Temp\surefire903593206458933344 2022-05-23T18-33-31_867-jvmRun1 surefire9109103633260208040tmp surefire_05105770291672749999tmp"/>
    <property name="surefire.test.class.path" value="C:\Users\TED\Documents\pawk\formation\selenium ISTQB\framework\demo_test\target\test-classes;C:\Users\TED\Documents\pawk\formation\selenium ISTQB\framework\demo_test\target\classes;C:\Users\TED\.m2\repository\org\seleniumhq\selenium\selenium-java\4.0.0-alpha-5\selenium-java-4.0.0-alpha-5.jar;C:\Users\TED\.m2\repository\org\seleniumhq\selenium\selenium-api\4.0.0-alpha-5\selenium-api-4.0.0-alpha-5.jar;C:\Users\TED\.m2\repository\org\seleniumhq\selenium\selenium-chrome-driver\4.0.0-alpha-5\selenium-chrome-driver-4.0.0-alpha-5.jar;C:\Users\TED\.m2\repository\com\google\auto\service\auto-service-annotations\1.0-rc6\auto-service-annotations-1.0-rc6.jar;C:\Users\TED\.m2\repository\com\google\auto\service\auto-service\1.0-rc6\auto-service-1.0-rc6.jar;C:\Users\TED\.m2\repository\com\google\auto\auto-common\0.10\auto-common-0.10.jar;C:\Users\TED\.m2\repository\com\google\guava\guava\28.2-jre\guava-28.2-jre.jar;C:\Users\TED\.m2\repository\com\google\guava\failureaccess\1.0.1\failureaccess-1.0.1.jar;C:\Users\TED\.m2\repository\com\google\guava\listenablefuture\9999.0-empty-to-avoid-conflict-with-guava\listenablefuture-9999.0-empty-to-avoid-conflict-with-guava.jar;C:\Users\TED\.m2\repository\org\checkerframework\checker-qual\2.10.0\checker-qual-2.10.0.jar;C:\Users\TED\.m2\repository\com\google\errorprone\error_prone_annotations\2.3.4\error_prone_annotations-2.3.4.jar;C:\Users\TED\.m2\repository\com\google\j2objc\j2objc-annotations\1.3\j2objc-annotations-1.3.jar;C:\Users\TED\.m2\repository\org\seleniumhq\selenium\selenium-chromium-driver\4.0.0-alpha-5\selenium-chromium-driver-4.0.0-alpha-5.jar;C:\Users\TED\.m2\repository\org\seleniumhq\selenium\selenium-devtools\4.0.0-alpha-5\selenium-devtools-4.0.0-alpha-5.jar;C:\Users\TED\.m2\repository\org\seleniumhq\selenium\selenium-http\4.0.0-alpha-5\selenium-http-4.0.0-alpha-5.jar;C:\Users\TED\.m2\repository\org\seleniumhq\selenium\selenium-json\4.0.0-alpha-5\selenium-json-4.0.0-alpha-5.jar;C:\Users\TED\.m2\repository\org\seleniumhq\selenium\selenium-edge-driver\4.0.0-alpha-5\selenium-edge-driver-4.0.0-alpha-5.jar;C:\Users\TED\.m2\repository\org\seleniumhq\selenium\selenium-edgehtml-driver\4.0.0-alpha-5\selenium-edgehtml-driver-4.0.0-alpha-5.jar;C:\Users\TED\.m2\repository\org\seleniumhq\selenium\selenium-firefox-driver\4.0.0-alpha-5\selenium-firefox-driver-4.0.0-alpha-5.jar;C:\Users\TED\.m2\repository\org\seleniumhq\selenium\selenium-firefox-xpi-driver\4.0.0-alpha-5\selenium-firefox-xpi-driver-4.0.0-alpha-5.jar;C:\Users\TED\.m2\repository\org\seleniumhq\selenium\selenium-ie-driver\4.0.0-alpha-5\selenium-ie-driver-4.0.0-alpha-5.jar;C:\Users\TED\.m2\repository\org\seleniumhq\selenium\selenium-opera-driver\4.0.0-alpha-5\selenium-opera-driver-4.0.0-alpha-5.jar;C:\Users\TED\.m2\repository\org\seleniumhq\selenium\selenium-remote-driver\4.0.0-alpha-5\selenium-remote-driver-4.0.0-alpha-5.jar;C:\Users\TED\.m2\repository\com\squareup\okhttp3\okhttp\4.4.1\okhttp-4.4.1.jar;C:\Users\TED\.m2\repository\org\jetbrains\kotlin\kotlin-stdlib\1.3.61\kotlin-stdlib-1.3.61.jar;C:\Users\TED\.m2\repository\org\jetbrains\annotations\13.0\annotations-13.0.jar;C:\Users\TED\.m2\repository\com\squareup\okio\okio\2.4.3\okio-2.4.3.jar;C:\Users\TED\.m2\repository\org\jetbrains\kotlin\kotlin-stdlib-common\1.3.61\kotlin-stdlib-common-1.3.61.jar;C:\Users\TED\.m2\repository\com\typesafe\netty\netty-reactive-streams\2.0.4\netty-reactive-streams-2.0.4.jar;C:\Users\TED\.m2\repository\io\netty\netty-handler\4.1.43.Final\netty-handler-4.1.43.Final.jar;C:\Users\TED\.m2\repository\org\reactivestreams\reactive-streams\1.0.3\reactive-streams-1.0.3.jar;C:\Users\TED\.m2\repository\io\netty\netty-buffer\4.1.47.Final\netty-buffer-4.1.47.Final.jar;C:\Users\TED\.m2\repository\io\netty\netty-common\4.1.47.Final\netty-common-4.1.47.Final.jar;C:\Users\TED\.m2\repository\io\netty\netty-codec-http\4.1.47.Final\netty-codec-http-4.1.47.Final.jar;C:\Users\TED\.m2\repository\io\netty\netty-codec\4.1.47.Final\netty-codec-4.1.47.Final.jar;C:\Users\TED\.m2\repository\io\netty\netty-transport-native-epoll\4.1.47.Final\netty-transport-native-epoll-4.1.47.Final.jar;C:\Users\TED\.m2\repository\io\netty\netty-transport-native-epoll\4.1.47.Final\netty-transport-native-epoll-4.1.47.Final-linux-x86_64.jar;C:\Users\TED\.m2\repository\io\netty\netty-transport-native-kqueue\4.1.47.Final\netty-transport-native-kqueue-4.1.47.Final.jar;C:\Users\TED\.m2\repository\io\netty\netty-transport-native-kqueue\4.1.47.Final\netty-transport-native-kqueue-4.1.47.Final-osx-x86_64.jar;C:\Users\TED\.m2\repository\io\netty\netty-transport-native-unix-common\4.1.47.Final\netty-transport-native-unix-common-4.1.47.Final.jar;C:\Users\TED\.m2\repository\io\netty\netty-transport\4.1.47.Final\netty-transport-4.1.47.Final.jar;C:\Users\TED\.m2\repository\io\netty\netty-resolver\4.1.47.Final\netty-resolver-4.1.47.Final.jar;C:\Users\TED\.m2\repository\io\opentelemetry\opentelemetry-api\0.2.0\opentelemetry-api-0.2.0.jar;C:\Users\TED\.m2\repository\io\grpc\grpc-context\1.24.0\grpc-context-1.24.0.jar;C:\Users\TED\.m2\repository\net\bytebuddy\byte-buddy\1.10.8\byte-buddy-1.10.8.jar;C:\Users\TED\.m2\repository\org\apache\commons\commons-exec\1.3\commons-exec-1.3.jar;C:\Users\TED\.m2\repository\org\asynchttpclient\async-http-client\2.11.0\async-http-client-2.11.0.jar;C:\Users\TED\.m2\repository\org\asynchttpclient\async-http-client-netty-utils\2.11.0\async-http-client-netty-utils-2.11.0.jar;C:\Users\TED\.m2\repository\io\netty\netty-codec-socks\4.1.46.Final\netty-codec-socks-4.1.46.Final.jar;C:\Users\TED\.m2\repository\io\netty\netty-handler-proxy\4.1.46.Final\netty-handler-proxy-4.1.46.Final.jar;C:\Users\TED\.m2\repository\com\sun\activation\javax.activation\1.2.0\javax.activation-1.2.0.jar;C:\Users\TED\.m2\repository\org\seleniumhq\selenium\selenium-safari-driver\4.0.0-alpha-5\selenium-safari-driver-4.0.0-alpha-5.jar;C:\Users\TED\.m2\repository\org\seleniumhq\selenium\selenium-support\4.0.0-alpha-5\selenium-support-4.0.0-alpha-5.jar;C:\Users\TED\.m2\repository\io\cucumber\cucumber-java\7.2.3\cucumber-java-7.2.3.jar;C:\Users\TED\.m2\repository\io\cucumber\cucumber-core\7.2.3\cucumber-core-7.2.3.jar;C:\Users\TED\.m2\repository\io\cucumber\cucumber-gherkin\7.2.3\cucumber-gherkin-7.2.3.jar;C:\Users\TED\.m2\repository\io\cucumber\cucumber-gherkin-messages\7.2.3\cucumber-gherkin-messages-7.2.3.jar;C:\Users\TED\.m2\repository\io\cucumber\messages\17.1.1\messages-17.1.1.jar;C:\Users\TED\.m2\repository\io\cucumber\tag-expressions\4.1.0\tag-expressions-4.1.0.jar;C:\Users\TED\.m2\repository\io\cucumber\cucumber-expressions\15.0.1\cucumber-expressions-15.0.1.jar;C:\Users\TED\.m2\repository\io\cucumber\datatable\7.2.3\datatable-7.2.3.jar;C:\Users\TED\.m2\repository\io\cucumber\cucumber-plugin\7.2.3\cucumber-plugin-7.2.3.jar;C:\Users\TED\.m2\repository\io\cucumber\docstring\7.2.3\docstring-7.2.3.jar;C:\Users\TED\.m2\repository\io\cucumber\html-formatter\17.0.0\html-formatter-17.0.0.jar;C:\Users\TED\.m2\repository\io\cucumber\ci-environment\8.1.0\ci-environment-8.1.0.jar;C:\Users\TED\.m2\repository\org\apiguardian\apiguardian-api\1.1.2\apiguardian-api-1.1.2.jar;C:\Users\TED\.m2\repository\io\cucumber\cucumber-picocontainer\7.2.3\cucumber-picocontainer-7.2.3.jar;C:\Users\TED\.m2\repository\org\picocontainer\picocontainer\2.15\picocontainer-2.15.jar;C:\Users\TED\.m2\repository\io\cucumber\cucumber-testng\7.2.3\cucumber-testng-7.2.3.jar;C:\Users\TED\.m2\repository\io\cucumber\cucumber-jvm-deps\1.0.6\cucumber-jvm-deps-1.0.6.jar;C:\Users\TED\.m2\repository\io\cucumber\gherkin\5.1.0\gherkin-5.1.0.jar;C:\Users\TED\.m2\repository\io\cucumber\gherkin-jvm-deps\1.0.4\gherkin-jvm-deps-1.0.4.jar;C:\Users\TED\.m2\repository\org\testng\testng\7.5\testng-7.5.jar;C:\Users\TED\.m2\repository\com\google\code\findbugs\jsr305\3.0.1\jsr305-3.0.1.jar;C:\Users\TED\.m2\repository\org\slf4j\slf4j-api\1.7.32\slf4j-api-1.7.32.jar;C:\Users\TED\.m2\repository\com\beust\jcommander\1.78\jcommander-1.78.jar;C:\Users\TED\.m2\repository\org\webjars\jquery\3.5.1\jquery-3.5.1.jar;C:\Users\TED\.m2\repository\io\qameta\allure\allure-cucumber7-jvm\2.17.3\allure-cucumber7-jvm-2.17.3.jar;C:\Users\TED\.m2\repository\io\qameta\allure\allure-java-commons\2.17.3\allure-java-commons-2.17.3.jar;C:\Users\TED\.m2\repository\io\qameta\allure\allure-model\2.17.3\allure-model-2.17.3.jar;C:\Users\TED\.m2\repository\org\apache\logging\log4j\log4j-core\2.17.2\log4j-core-2.17.2.jar;C:\Users\TED\.m2\repository\org\apache\logging\log4j\log4j-api\2.17.2\log4j-api-2.17.2.jar;"/>
    <property name="sun.cpu.endian" value="little"/>
    <property name="user.home" value="C:\Users\TED"/>
    <property name="user.language" value="fr"/>
    <property name="java.specification.vendor" value="Oracle Corporation"/>
    <property name="java.home" value="C:\Program Files\Java\jdk1.8.0_211\jre"/>
    <property name="basedir" value="C:\Users\TED\Documents\pawk\formation\selenium ISTQB\framework\demo_test"/>
    <property name="file.separator" value="\"/>
    <property name="line.separator" value="&#10;"/>
    <property name="java.vm.specification.vendor" value="Oracle Corporation"/>
    <property name="java.specification.name" value="Java Platform API Specification"/>
    <property name="java.awt.graphicsenv" value="sun.awt.Win32GraphicsEnvironment"/>
    <property name="surefire.real.class.path" value="C:\Users\TED\AppData\Local\Temp\surefire903593206458933344\surefirebooter1756388859952820988.jar;C:\Users\TED\.m2\repository/org/aspectj/aspectjweaver/1.9.9.1/aspectjweaver-1.9.9.1.jar"/>
    <property name="sun.boot.class.path" value="C:\Program Files\Java\jdk1.8.0_211\jre\lib\resources.jar;C:\Program Files\Java\jdk1.8.0_211\jre\lib\rt.jar;C:\Program Files\Java\jdk1.8.0_211\jre\lib\sunrsasign.jar;C:\Program Files\Java\jdk1.8.0_211\jre\lib\jsse.jar;C:\Program Files\Java\jdk1.8.0_211\jre\lib\jce.jar;C:\Program Files\Java\jdk1.8.0_211\jre\lib\charsets.jar;C:\Program Files\Java\jdk1.8.0_211\jre\lib\jfr.jar;C:\Program Files\Java\jdk1.8.0_211\jre\classes"/>
    <property name="user.script" value=""/>
    <property name="sun.management.compiler" value="HotSpot 64-Bit Tiered Compilers"/>
    <property name="java.runtime.version" value="1.8.0_211-b12"/>
    <property name="user.name" value="TED"/>
    <property name="path.separator" value=";"/>
    <property name="os.version" value="10.0"/>
    <property name="java.endorsed.dirs" value="C:\Program Files\Java\jdk1.8.0_211\jre\lib\endorsed"/>
    <property name="java.runtime.name" value="Java(TM) SE Runtime Environment"/>
    <property name="file.encoding" value="Cp1252"/>
    <property name="sun.nio.ch.bugLevel" value=""/>
    <property name="java.vm.name" value="Java HotSpot(TM) 64-Bit Server VM"/>
    <property name="localRepository" value="C:\Users\TED\.m2\repository"/>
    <property name="java.vendor.url.bug" value="http://bugreport.sun.com/bugreport/"/>
    <property name="java.io.tmpdir" value="C:\Users\TED\AppData\Local\Temp\"/>
    <property name="java.version" value="1.8.0_211"/>
    <property name="user.dir" value="C:\Users\TED\Documents\pawk\formation\selenium ISTQB\framework\demo_test"/>
    <property name="os.arch" value="amd64"/>
    <property name="java.vm.specification.name" value="Java Virtual Machine Specification"/>
    <property name="java.awt.printerjob" value="sun.awt.windows.WPrinterJob"/>
    <property name="sun.os.patch.level" value=""/>
    <property name="java.library.path" value="C:\Program Files\Java\jdk1.8.0_211\jre\bin;C:\WINDOWS\Sun\Java\bin;C:\WINDOWS\system32;C:\WINDOWS;C:\database\Java\jdk1.8.0_211;C:\Python310\Scripts\;C:\Python310\;C:\Program Files\Java\jdk1.8.0_211\bin;C:\Program Files\AdoptOpenJDK\jdk-11.0.9.101-hotspot\bin;C:\Program Files (x86)\Common Files\Oracle\Java\javapath;C:\WINDOWS\system32;C:\WINDOWS;C:\WINDOWS\System32\Wbem;C:\WINDOWS\System32\WindowsPowerShell\v1.0\;C:\WINDOWS\System32\OpenSSH\;C:\Program Files\Git\cmd;C:\Program Files\Microsoft VS Code\bin;D:\logi\flutter\bin;D:\logi\android-sdk;C:\Program Files (x86)\NVIDIA Corporation\PhysX\Common;C:\Program Files\NVIDIA Corporation\NVIDIA NvDLISR;C:\Program Files\nodejs\;C:\ProgramData\chocolatey\bin;C:\WINDOWS\system32;C:\WINDOWS;C:\WINDOWS\System32\Wbem;C:\WINDOWS\System32\WindowsPowerShell\v1.0\;C:\WINDOWS\System32\OpenSSH\;C:\Program Files\dotnet\;C:\Users\TED\AppData\Local\Programs\Python\Python38\Scripts\;C:\Users\TED\AppData\Local\Programs\Python\Python38\;C:\Users\TED\AppData\Local\Microsoft\WindowsApps;C:\Users\TED\AppData\Roaming\Dashlane\4.6.6.23032\bin\Firefox_Extension\{442718d9-475e-452a-b3e1-fb1ee16b8e9f}\components;C:\Program Files\JetBrains\IntelliJ IDEA 2021.1\bin;C:\Program Files\JetBrains\PyCharm 2021.2.2\bin;C:\Users\TED\AppData\Roaming\npm;C:\Program Files\spark-3.2.0-bin-hadoop3.2\bin;C:\apache-maven-3.8.5-bin\apache-maven-3.8.5\bin;C:\allure-2.17.3\bin;."/>
    <property name="java.vm.info" value="mixed mode"/>
    <property name="java.vendor" value="Oracle Corporation"/>
    <property name="java.vm.version" value="25.211-b12"/>
    <property name="java.ext.dirs" value="C:\Program Files\Java\jdk1.8.0_211\jre\lib\ext;C:\WINDOWS\Sun\Java\lib\ext"/>
    <property name="sun.io.unicode.encoding" value="UnicodeLittle"/>
    <property name="java.class.version" value="52.0"/>
  </properties>
  <testcase name="runScenario[&quot;Add product to cart and empty the cart&quot;, &quot;Optional[As a customer, I want to add products to cart so that I could empty the cart]&quot;](1)" classname="com.ztrain.web.TestRunner" time="50.966">
    <system-out><![CDATA[[DEBUG] 2022-05-23 18:33:34.397 [main] io.netty.util.internal.logging.InternalLoggerFactory - Using Log4J2 as the default logging framework
[DEBUG] 2022-05-23 18:33:34.403 [main] io.netty.util.ResourceLeakDetector - -Dio.netty.leakDetection.level: simple
[DEBUG] 2022-05-23 18:33:34.403 [main] io.netty.util.ResourceLeakDetector - -Dio.netty.leakDetection.targetRecords: 4
[DEBUG] 2022-05-23 18:33:34.406 [main] io.netty.util.ResourceLeakDetectorFactory - Loaded default ResourceLeakDetector: io.netty.util.ResourceLeakDetector@1051817b
[DEBUG] 2022-05-23 18:33:34.424 [main] io.netty.util.internal.PlatformDependent - Platform: Windows
[DEBUG] 2022-05-23 18:33:34.426 [main] io.netty.util.internal.PlatformDependent0 - -Dio.netty.noUnsafe: false
[DEBUG] 2022-05-23 18:33:34.426 [main] io.netty.util.internal.PlatformDependent0 - Java version: 8
[DEBUG] 2022-05-23 18:33:34.426 [main] io.netty.util.internal.PlatformDependent0 - sun.misc.Unsafe.theUnsafe: available
[DEBUG] 2022-05-23 18:33:34.427 [main] io.netty.util.internal.PlatformDependent0 - sun.misc.Unsafe.copyMemory: available
[DEBUG] 2022-05-23 18:33:34.427 [main] io.netty.util.internal.PlatformDependent0 - java.nio.Buffer.address: available
[DEBUG] 2022-05-23 18:33:34.428 [main] io.netty.util.internal.PlatformDependent0 - direct buffer constructor: available
[DEBUG] 2022-05-23 18:33:34.428 [main] io.netty.util.internal.PlatformDependent0 - java.nio.Bits.unaligned: available, true
[DEBUG] 2022-05-23 18:33:34.428 [main] io.netty.util.internal.PlatformDependent0 - jdk.internal.misc.Unsafe.allocateUninitializedArray(int): unavailable prior to Java9
[DEBUG] 2022-05-23 18:33:34.428 [main] io.netty.util.internal.PlatformDependent0 - java.nio.DirectByteBuffer.<init>(long, int): available
[DEBUG] 2022-05-23 18:33:34.428 [main] io.netty.util.internal.PlatformDependent - sun.misc.Unsafe: available
[DEBUG] 2022-05-23 18:33:34.429 [main] io.netty.util.internal.PlatformDependent - -Dio.netty.tmpdir: C:\Users\TED\AppData\Local\Temp (java.io.tmpdir)
[DEBUG] 2022-05-23 18:33:34.429 [main] io.netty.util.internal.PlatformDependent - -Dio.netty.bitMode: 64 (sun.arch.data.model)
[DEBUG] 2022-05-23 18:33:34.430 [main] io.netty.util.internal.PlatformDependent - -Dio.netty.maxDirectMemory: 3771203584 bytes
[DEBUG] 2022-05-23 18:33:34.430 [main] io.netty.util.internal.PlatformDependent - -Dio.netty.uninitializedArrayAllocationThreshold: -1
[DEBUG] 2022-05-23 18:33:34.431 [main] io.netty.util.internal.CleanerJava6 - java.nio.ByteBuffer.cleaner(): available
[DEBUG] 2022-05-23 18:33:34.431 [main] io.netty.util.internal.PlatformDependent - -Dio.netty.noPreferDirect: false
[DEBUG] 2022-05-23 18:33:34.437 [main] io.netty.util.internal.PlatformDependent - org.jctools-core.MpscChunkedArrayQueue: available
[DEBUG] 2022-05-23 18:33:34.825 [main] io.netty.handler.ssl.JdkSslContext - Default protocols (JDK): [TLSv1.2, TLSv1.1, TLSv1] 
[DEBUG] 2022-05-23 18:33:34.826 [main] io.netty.handler.ssl.JdkSslContext - Default cipher suites (JDK): [TLS_ECDHE_ECDSA_WITH_AES_256_GCM_SHA384, TLS_ECDHE_ECDSA_WITH_AES_128_GCM_SHA256, TLS_ECDHE_RSA_WITH_AES_128_GCM_SHA256, TLS_ECDHE_RSA_WITH_AES_256_GCM_SHA384, TLS_ECDHE_RSA_WITH_AES_128_CBC_SHA, TLS_ECDHE_RSA_WITH_AES_256_CBC_SHA, TLS_RSA_WITH_AES_128_GCM_SHA256, TLS_RSA_WITH_AES_128_CBC_SHA, TLS_RSA_WITH_AES_256_CBC_SHA]
[DEBUG] 2022-05-23 18:33:34.842 [main] io.netty.util.internal.InternalThreadLocalMap - -Dio.netty.threadLocalMap.stringBuilder.initialSize: 1024
[DEBUG] 2022-05-23 18:33:34.842 [main] io.netty.util.internal.InternalThreadLocalMap - -Dio.netty.threadLocalMap.stringBuilder.maxSize: 4096
[DEBUG] 2022-05-23 18:33:34.847 [main] io.netty.channel.MultithreadEventLoopGroup - -Dio.netty.eventLoopThreads: 16
[DEBUG] 2022-05-23 18:33:34.858 [main] io.netty.channel.nio.NioEventLoop - -Dio.netty.noKeySetOptimization: false
[DEBUG] 2022-05-23 18:33:34.858 [main] io.netty.channel.nio.NioEventLoop - -Dio.netty.selectorAutoRebuildThreshold: 512
[DEBUG] 2022-05-23 18:33:34.893 [main] io.netty.buffer.PooledByteBufAllocator - -Dio.netty.allocator.numHeapArenas: 16
[DEBUG] 2022-05-23 18:33:34.893 [main] io.netty.buffer.PooledByteBufAllocator - -Dio.netty.allocator.numDirectArenas: 16
[DEBUG] 2022-05-23 18:33:34.893 [main] io.netty.buffer.PooledByteBufAllocator - -Dio.netty.allocator.pageSize: 8192
[DEBUG] 2022-05-23 18:33:34.893 [main] io.netty.buffer.PooledByteBufAllocator - -Dio.netty.allocator.maxOrder: 11
[DEBUG] 2022-05-23 18:33:34.893 [main] io.netty.buffer.PooledByteBufAllocator - -Dio.netty.allocator.chunkSize: 16777216
[DEBUG] 2022-05-23 18:33:34.893 [main] io.netty.buffer.PooledByteBufAllocator - -Dio.netty.allocator.tinyCacheSize: 512
[DEBUG] 2022-05-23 18:33:34.893 [main] io.netty.buffer.PooledByteBufAllocator - -Dio.netty.allocator.smallCacheSize: 256
[DEBUG] 2022-05-23 18:33:34.893 [main] io.netty.buffer.PooledByteBufAllocator - -Dio.netty.allocator.normalCacheSize: 64
[DEBUG] 2022-05-23 18:33:34.893 [main] io.netty.buffer.PooledByteBufAllocator - -Dio.netty.allocator.maxCachedBufferCapacity: 32768
[DEBUG] 2022-05-23 18:33:34.893 [main] io.netty.buffer.PooledByteBufAllocator - -Dio.netty.allocator.cacheTrimInterval: 8192
[DEBUG] 2022-05-23 18:33:34.894 [main] io.netty.buffer.PooledByteBufAllocator - -Dio.netty.allocator.cacheTrimIntervalMillis: 0
[DEBUG] 2022-05-23 18:33:34.894 [main] io.netty.buffer.PooledByteBufAllocator - -Dio.netty.allocator.useCacheForAllThreads: true
[DEBUG] 2022-05-23 18:33:34.894 [main] io.netty.buffer.PooledByteBufAllocator - -Dio.netty.allocator.maxCachedByteBuffersPerChunk: 1023
[DEBUG] 2022-05-23 18:33:34.900 [main] io.netty.buffer.ByteBufUtil - -Dio.netty.allocator.type: pooled
[DEBUG] 2022-05-23 18:33:34.900 [main] io.netty.buffer.ByteBufUtil - -Dio.netty.threadLocalDirectBufferSize: 0
[DEBUG] 2022-05-23 18:33:34.900 [main] io.netty.buffer.ByteBufUtil - -Dio.netty.maxThreadLocalCharBufferSize: 16384
[DEBUG] 2022-05-23 18:33:35.803 [Forwarding newSession on session null to remote] io.netty.channel.DefaultChannelId - -Dio.netty.processId: 16304 (auto-detected)
[DEBUG] 2022-05-23 18:33:35.805 [Forwarding newSession on session null to remote] io.netty.util.NetUtil - -Djava.net.preferIPv4Stack: false
[DEBUG] 2022-05-23 18:33:35.805 [Forwarding newSession on session null to remote] io.netty.util.NetUtil - -Djava.net.preferIPv6Addresses: false
[DEBUG] 2022-05-23 18:33:36.049 [Forwarding newSession on session null to remote] io.netty.util.NetUtil - Loopback interface: lo (Software Loopback Interface 1, 127.0.0.1)
[DEBUG] 2022-05-23 18:33:36.049 [Forwarding newSession on session null to remote] io.netty.util.NetUtil - Failed to get SOMAXCONN from sysctl and file \proc\sys\net\core\somaxconn. Default: 200
[DEBUG] 2022-05-23 18:33:36.303 [Forwarding newSession on session null to remote] io.netty.channel.DefaultChannelId - -Dio.netty.machineId: 00:50:56:ff:fe:c0:00:01 (auto-detected)
[DEBUG] 2022-05-23 18:33:36.375 [AsyncHttpClient-3-1] io.netty.buffer.AbstractByteBuf - -Dio.netty.buffer.checkAccessible: true
[DEBUG] 2022-05-23 18:33:36.376 [AsyncHttpClient-3-1] io.netty.buffer.AbstractByteBuf - -Dio.netty.buffer.checkBounds: true
[DEBUG] 2022-05-23 18:33:36.376 [AsyncHttpClient-3-1] io.netty.util.ResourceLeakDetectorFactory - Loaded default ResourceLeakDetector: io.netty.util.ResourceLeakDetector@49337a94
[DEBUG] 2022-05-23 18:33:36.394 [AsyncHttpClient-3-1] io.netty.util.Recycler - -Dio.netty.recycler.maxCapacityPerThread: 4096
[DEBUG] 2022-05-23 18:33:36.394 [AsyncHttpClient-3-1] io.netty.util.Recycler - -Dio.netty.recycler.maxSharedCapacityFactor: 2
[DEBUG] 2022-05-23 18:33:36.394 [AsyncHttpClient-3-1] io.netty.util.Recycler - -Dio.netty.recycler.linkCapacity: 16
[DEBUG] 2022-05-23 18:33:36.394 [AsyncHttpClient-3-1] io.netty.util.Recycler - -Dio.netty.recycler.ratio: 8
[DEBUG] 2022-05-23 18:33:37.029 [main] io.netty.util.internal.ThreadLocalRandom - -Dio.netty.initialSeedUniquifier: 0x1dca4cc33237ded6

@empty_cart_OF-902
Scenario Outline: Add product to cart and empty the cart                  # src/test/resources/features/emptyCart.feature:17
  Given user is at login page                                             # com.ztrain.web.steps.LoginSteps.userIsAtTheLoginPage()
Element not visible after click
  When user is logging-in with sehajpreet2.nicholi@orperfect.com hqqps2J$ # com.ztrain.web.steps.LoginSteps.userIsLoggingInWithUsernamePassword(java.lang.String,java.lang.String)
  Then he should be redirected to the home page                           # com.ztrain.web.steps.LoginSteps.heShouldBeAtTheHomePage()
https://ztrain-web.vercel.app/home successfully loaded
Element not visible after click
  When he selects Enceinte Bluetooth portable robuste                     # com.ztrain.web.steps.AddProductToCartSteps.heSelectProduct(java.lang.String)
Element not visible after click
  And he fills in the quantity of the product to add via icons - and +    # com.ztrain.web.steps.AddProductToCartSteps.heFillInTheQuantityOfTheProductToAddViaIconsAnd()
Element not visible after click
  And he clicks on add to cart                                            # com.ztrain.web.steps.AddProductToCartSteps.heClicksOnAdd()
Element not visible after click
  When user clicks again on cart icon                                     # com.ztrain.web.steps.EmptyCartSteps.userClicksAgainOnCartIcon()
Element not visible after click
  And he clicks on empty cart button                                      # com.ztrain.web.steps.EmptyCartSteps.heClicksOnEmptyCartButton()
  Then the cart should be empty                                           # com.ztrain.web.steps.EmptyCartSteps.theCartShouldBeEmpty()
]]></system-out>
    <system-err><![CDATA[SLF4J: Failed to load class "org.slf4j.impl.StaticLoggerBinder".
SLF4J: Defaulting to no-operation (NOP) logger implementation
SLF4J: See http://www.slf4j.org/codes.html#StaticLoggerBinder for further details.
Starting ChromeDriver 101.0.4951.41 (93c720db8323b3ec10d056025ab95c23a31997c9-refs/branch-heads/4951@{#904}) on port 8625
Only local connections are allowed.
Please see https://chromedriver.chromium.org/security-considerations for suggestions on keeping ChromeDriver safe.
ChromeDriver was started successfully.
mai 23, 2022 6:33:37 PM org.openqa.selenium.remote.ProtocolHandshake createSession
INFOS: Detected dialect: W3C
]]></system-err>
  </testcase>
  <testcase name="runScenario[&quot;Perform login with valid credentials&quot;, &quot;Optional[As a Z-Train client I want to login so that I could access to online store]&quot;](2)" classname="com.ztrain.web.TestRunner" time="2.547">
    <system-out><![CDATA[
@login
Scenario Outline: Perform login with valid credentials                    # src/test/resources/features/login.feature:10
  Given user is at login page                                             # com.ztrain.web.steps.LoginSteps.userIsAtTheLoginPage()
Element not visible after click
  When user is logging-in with sehajpreet2.nicholi@orperfect.com hqqps2J$ # com.ztrain.web.steps.LoginSteps.userIsLoggingInWithUsernamePassword(java.lang.String,java.lang.String)
  Then he should be redirected to the home page                           # com.ztrain.web.steps.LoginSteps.heShouldBeAtTheHomePage()
]]></system-out>
  </testcase>
  <testcase name="runScenario[&quot;Error messages on the login page&quot;, &quot;Optional[As a customer I want to login without fill the fields so that I could see error messages]&quot;](3)" classname="com.ztrain.web.TestRunner" time="0.543">
    <system-out><![CDATA[
@login_password_required.OF-807
Scenario: Error messages on the login page                                              # src/test/resources/features/login_password_required.feature:3
  Given user is at login page                                                           # com.ztrain.web.steps.LoginSteps.userIsAtTheLoginPage()
Element not visible after click
  When User clicks on connexion button without filling in the login and password fields # com.ztrain.web.steps.LoginPasswordRequiredSteps.userClickOnConnexionButtonWithoutFillingInTheLoginAndPasswordFields()
  Then User should see an error message below the login and password fields             # com.ztrain.web.steps.LoginPasswordRequiredSteps.userShouldSeeAnErrorMessageBelowTheLoginAndPasswordFields()
]]></system-out>
  </testcase>
  <testcase name="runScenario[&quot;Logout&quot;, &quot;Optional[As a customer, I want to log in the app so that I could log out]&quot;](4)" classname="com.ztrain.web.TestRunner" time="2.17">
    <system-out><![CDATA[
@logout.OF-840
Scenario Outline: Logout                                                  # src/test/resources/features/logout.feature:14
  Given user is at login page                                             # com.ztrain.web.steps.LoginSteps.userIsAtTheLoginPage()
Element not visible after click
  When user is logging-in with sehajpreet2.nicholi@orperfect.com hqqps2J$ # com.ztrain.web.steps.LoginSteps.userIsLoggingInWithUsernamePassword(java.lang.String,java.lang.String)
  Then he should be redirected to the home page                           # com.ztrain.web.steps.LoginSteps.heShouldBeAtTheHomePage()
Element not visible after click
Compte
  When User clicks on Account icon                                        # com.ztrain.web.steps.LogOutSteps.userClicksOnAccountIcon()
in and
  And User clicks on disconnect                                           # com.ztrain.web.steps.LogOutSteps.userClicksOnDisconnect()
  Then User should be logged out                                          # com.ztrain.web.steps.LogOutSteps.userShouldBeLoggedOut()
]]></system-out>
  </testcase>
  <testcase name="runScenario[&quot;Product information&quot;, &quot;Optional[As a customer, I want to add products to cart, so that I could make payment]&quot;](5)" classname="com.ztrain.web.TestRunner" time="22.421">
    <system-out><![CDATA[
@order_button_OF-901_OF-906_OF-1015_OF-831
Scenario Outline: Product information                                                               # src/test/resources/features/order.feature:13
  Given user is at login page                                                                       # com.ztrain.web.steps.LoginSteps.userIsAtTheLoginPage()
Element not visible after click
  When user is logging-in with sehajpreet2.nicholi@orperfect.com hqqps2J$                           # com.ztrain.web.steps.LoginSteps.userIsLoggingInWithUsernamePassword(java.lang.String,java.lang.String)
  Then he should be redirected to the home page                                                     # com.ztrain.web.steps.LoginSteps.heShouldBeAtTheHomePage()
https://ztrain-web.vercel.app/home successfully loaded
Element not visible after click
  When User selects Chaise de Bureau Ergonomique                                                    # com.ztrain.web.steps.ProductInformationSteps.userSelectsArticle(java.lang.String)
  Then Spawn a popup on the page with description of the Chaise de Bureau Ergonomique and the 60.05 # com.ztrain.web.steps.ProductInformationSteps.spawnAPopupOnThePageWithDescriptionOfTheArticleAndThePrecise_price(java.lang.String,java.lang.String)
]]></system-out>
  </testcase>
  <testcase name="runScenario[&quot;Product information&quot;, &quot;Optional[As a customer, I want to add products to cart, so that I could make payment]&quot;](6)" classname="com.ztrain.web.TestRunner" time="23.175">
    <system-out><![CDATA[
@order_button_OF-901_OF-906_OF-1015_OF-831
Scenario Outline: Product information                                                         # src/test/resources/features/order.feature:14
  Given user is at login page                                                                 # com.ztrain.web.steps.LoginSteps.userIsAtTheLoginPage()
Element not visible after click
  When user is logging-in with sehajpreet2.nicholi@orperfect.com hqqps2J$                     # com.ztrain.web.steps.LoginSteps.userIsLoggingInWithUsernamePassword(java.lang.String,java.lang.String)
  Then he should be redirected to the home page                                               # com.ztrain.web.steps.LoginSteps.heShouldBeAtTheHomePage()
https://ztrain-web.vercel.app/home successfully loaded
Element not visible after click
  When User selects I-phone PRO 256 NOIR                                                      # com.ztrain.web.steps.ProductInformationSteps.userSelectsArticle(java.lang.String)
  Then Spawn a popup on the page with description of the I-phone PRO 256 NOIR and the 1259.02 # com.ztrain.web.steps.ProductInformationSteps.spawnAPopupOnThePageWithDescriptionOfTheArticleAndThePrecise_price(java.lang.String,java.lang.String)
]]></system-out>
  </testcase>
  <testcase name="runScenario[&quot;Add product to cart&quot;, &quot;Optional[As a customer, I want to add products to cart, so that I could make payment]&quot;](7)" classname="com.ztrain.web.TestRunner" time="24.827">
    <failure message="expected:&lt;votre panier à été mis à jour&gt; but was:&lt;Votre panier à été mis à jour&gt;" type="java.lang.AssertionError"><![CDATA[java.lang.AssertionError: expected:<votre panier à été mis à jour> but was:<Votre panier à été mis à jour>
	at org.testng.AssertJUnit.assertEquals(AssertJUnit.java:115)
	at org.testng.AssertJUnit.assertEquals(AssertJUnit.java:125)
	at com.ztrain.web.steps.AddProductToCartSteps.thenWeObserveAPopPopWhichIndicatesTheFollowingMessageMessage(AddProductToCartSteps.java:36)
	at ✽.then we observe a pop pop which indicates the following message votre panier à été mis à jour(file:///C:/Users/TED/Documents/pawk/formation/selenium%20ISTQB/framework/demo_test/src/test/resources/features/order.feature:23)
]]></failure>
    <system-out><![CDATA[
@order_button_OF-901_OF-906_OF-1015_OF-831
Scenario Outline: Add product to cart                                                                # src/test/resources/features/order.feature:27
  Given user is at login page                                                                        # com.ztrain.web.steps.LoginSteps.userIsAtTheLoginPage()
Element not visible after click
  When user is logging-in with sehajpreet2.nicholi@orperfect.com hqqps2J$                            # com.ztrain.web.steps.LoginSteps.userIsLoggingInWithUsernamePassword(java.lang.String,java.lang.String)
  Then he should be redirected to the home page                                                      # com.ztrain.web.steps.LoginSteps.heShouldBeAtTheHomePage()
https://ztrain-web.vercel.app/home successfully loaded
Element not visible after click
  When he selects JVC, Caque Supra-aural Pliable                                                     # com.ztrain.web.steps.AddProductToCartSteps.heSelectProduct(java.lang.String)
Element not visible after click
  And he fills in the quantity of the product to add via icons - and +                               # com.ztrain.web.steps.AddProductToCartSteps.heFillInTheQuantityOfTheProductToAddViaIconsAnd()
Element not visible after click
  And he clicks on add to cart                                                                       # com.ztrain.web.steps.AddProductToCartSteps.heClicksOnAdd()
  Then then we observe a pop pop which indicates the following message votre panier Ã  Ã©tÃ© mis Ã  jour # com.ztrain.web.steps.AddProductToCartSteps.thenWeObserveAPopPopWhichIndicatesTheFollowingMessageMessage(java.lang.String)
      java.lang.AssertionError: expected:<votre panier Ã  Ã©tÃ© mis Ã  jour> but was:<Votre panier Ã  Ã©tÃ© mis Ã  jour>
	at org.testng.AssertJUnit.assertEquals(AssertJUnit.java:115)
	at org.testng.AssertJUnit.assertEquals(AssertJUnit.java:125)
	at com.ztrain.web.steps.AddProductToCartSteps.thenWeObserveAPopPopWhichIndicatesTheFollowingMessageMessage(AddProductToCartSteps.java:36)
	at âœ½.then we observe a pop pop which indicates the following message votre panier Ã  Ã©tÃ© mis Ã  jour(file:///C:/Users/TED/Documents/pawk/formation/selenium%20ISTQB/framework/demo_test/src/test/resources/features/order.feature:23)

]]></system-out>
  </testcase>
  <testcase name="runScenario[&quot;Order pop up&quot;, &quot;Optional[As a customer, I want to add products to cart, so that I could make payment]&quot;](8)" classname="com.ztrain.web.TestRunner" time="24.508">
    <system-out><![CDATA[
@order_button_OF-901_OF-906_OF-1015_OF-831
Scenario Outline: Order pop up                                            # src/test/resources/features/order.feature:42
  Given user is at login page                                             # com.ztrain.web.steps.LoginSteps.userIsAtTheLoginPage()
Element not visible after click
  When user is logging-in with sehajpreet2.nicholi@orperfect.com hqqps2J$ # com.ztrain.web.steps.LoginSteps.userIsLoggingInWithUsernamePassword(java.lang.String,java.lang.String)
  Then he should be redirected to the home page                           # com.ztrain.web.steps.LoginSteps.heShouldBeAtTheHomePage()
https://ztrain-web.vercel.app/home successfully loaded
Element not visible after click
  When he selects I-phone PRO 256 NOIR                                    # com.ztrain.web.steps.AddProductToCartSteps.heSelectProduct(java.lang.String)
Element not visible after click
  And he fills in the quantity of the product to add via icons - and +    # com.ztrain.web.steps.AddProductToCartSteps.heFillInTheQuantityOfTheProductToAddViaIconsAnd()
Element not visible after click
  And he clicks on add to cart                                            # com.ztrain.web.steps.AddProductToCartSteps.heClicksOnAdd()
Element not visible after click
  And he clicks on cart icon                                              # com.ztrain.web.steps.OrderButtonSteps.heClicksOnCartIcon()
Element not visible after click
  And User clicks on order button                                         # com.ztrain.web.steps.OrderButtonSteps.userClicksOnOrderButton()
  Then The order validation pop-up should appear                          # com.ztrain.web.steps.OrderButtonSteps.theOrderValidationPopUpShouldAppear()
]]></system-out>
  </testcase>
  <testcase name="runScenario[&quot;Payment validation&quot;, &quot;Optional[As a customer, I want to add products to cart, so that I could make payment]&quot;](9)" classname="com.ztrain.web.TestRunner" time="27.503">
    <failure message="expected [false] but found [true]" type="java.lang.AssertionError"><![CDATA[java.lang.AssertionError: expected [false] but found [true]
	at org.testng.Assert.fail(Assert.java:110)
	at org.testng.Assert.failNotEquals(Assert.java:1413)
	at org.testng.Assert.assertFalse(Assert.java:78)
	at org.testng.Assert.assertFalse(Assert.java:88)
	at com.ztrain.web.steps.PaymentValidationSteps.aValidationConfirmationMessageShouldAppearOnTheScreen(PaymentValidationSteps.java:32)
	at ✽.A validation confirmation message should appear on the screen(file:///C:/Users/TED/Documents/pawk/formation/selenium%20ISTQB/framework/demo_test/src/test/resources/features/order.feature:55)
]]></failure>
    <system-out><![CDATA[
@order_button_OF-901_OF-906_OF-1015_OF-831
Scenario Outline: Payment validation                                                  # src/test/resources/features/order.feature:59
  Given user is at login page                                                         # com.ztrain.web.steps.LoginSteps.userIsAtTheLoginPage()
Element not visible after click
  When user is logging-in with sehajpreet2.nicholi@orperfect.com hqqps2J$             # com.ztrain.web.steps.LoginSteps.userIsLoggingInWithUsernamePassword(java.lang.String,java.lang.String)
  Then he should be redirected to the home page                                       # com.ztrain.web.steps.LoginSteps.heShouldBeAtTheHomePage()
https://ztrain-web.vercel.app/home successfully loaded
Element not visible after click
  When he selects Ampoule Vecteur Incandescent                                        # com.ztrain.web.steps.AddProductToCartSteps.heSelectProduct(java.lang.String)
Element not visible after click
  And he fills in the quantity of the product to add via icons - and +                # com.ztrain.web.steps.AddProductToCartSteps.heFillInTheQuantityOfTheProductToAddViaIconsAnd()
Element not visible after click
  And he clicks on add to cart                                                        # com.ztrain.web.steps.AddProductToCartSteps.heClicksOnAdd()
Element not visible after click
  And he clicks on cart icon                                                          # com.ztrain.web.steps.OrderButtonSteps.heClicksOnCartIcon()
Element not visible after click
  And User clicks on order button                                                     # com.ztrain.web.steps.OrderButtonSteps.userClicksOnOrderButton()
  And User fills fields with 4242 4242 4242 4242, 12 / 23, 520 and 204 Rue Manga-bell # com.ztrain.web.steps.PaymentValidationSteps.userFillsFieldsWithCardNumberExpiredDateCvcAndAdresseDeLivraison(java.lang.String,java.lang.String,java.lang.String,java.lang.String)
hello
Element not visible after click
  And User sends the form                                                             # com.ztrain.web.steps.PaymentValidationSteps.userSendsTheForm()
* Internal server error
  Then A validation confirmation message should appear on the screen                  # com.ztrain.web.steps.PaymentValidationSteps.aValidationConfirmationMessageShouldAppearOnTheScreen()
      java.lang.AssertionError: expected [false] but found [true]
	at org.testng.Assert.fail(Assert.java:110)
	at org.testng.Assert.failNotEquals(Assert.java:1413)
	at org.testng.Assert.assertFalse(Assert.java:78)
	at org.testng.Assert.assertFalse(Assert.java:88)
	at com.ztrain.web.steps.PaymentValidationSteps.aValidationConfirmationMessageShouldAppearOnTheScreen(PaymentValidationSteps.java:32)
	at âœ½.A validation confirmation message should appear on the screen(file:///C:/Users/TED/Documents/pawk/formation/selenium%20ISTQB/framework/demo_test/src/test/resources/features/order.feature:55)

]]></system-out>
  </testcase>
  <testcase name="runScenario[&quot;&quot;, &quot;Optional[As a customer I want to see my password after enter it]&quot;](10)" classname="com.ztrain.web.TestRunner" time="0.713">
    <system-out><![CDATA[
@password_displayed_clear.OF-806
Scenario:                                                                           # src/test/resources/features/password_displayed_clear.feature:3
  Given user is at login page                                                       # com.ztrain.web.steps.LoginSteps.userIsAtTheLoginPage()
  When user fill in the password field "a123456"                                    # com.ztrain.web.steps.PasswordInClearSteps.userFillInThePasswordField(java.lang.String)
Element not visible after click
  And User clicks on the display password button to the right of the password field # com.ztrain.web.steps.PasswordInClearSteps.userClicksOnTheDisplayPasswordButtonToTheRightOfThePasswordField()
  Then The password is displayed in clear                                           # com.ztrain.web.steps.PasswordInClearSteps.thePasswordIsDisplayedInClear()
]]></system-out>
  </testcase>
</testsuite>