<?xml version="1.0" encoding="UTF-8"?>
<!-- Generated by org.testng.reporters.JUnitReportReporter -->
<testsuite skipped="0" hostname="DESKTOP-L0MBEAP" name="com.ztrain.web.TestRunner" tests="13" failures="0" timestamp="2022-06-01T09:43:02 CEST" time="111.657" errors="1">
  <testcase name="runScenario" time="3.639" classname="com.ztrain.web.TestRunner"/>
  <system-out/>
  <testcase name="runScenario" time="1.416" classname="com.ztrain.web.TestRunner"/>
  <system-out/>
  <testcase name="runScenario" time="0.770" classname="com.ztrain.web.TestRunner"/>
  <system-out/>
  <testcase name="runScenario" time="6.057" classname="com.ztrain.web.TestRunner"/>
  <system-out/>
  <testcase name="runScenario" time="3.475" classname="com.ztrain.web.TestRunner"/>
  <system-out/>
  <testcase name="runScenario" time="5.350" classname="com.ztrain.web.TestRunner"/>
  <system-out/>
  <testcase name="runScenario" time="46.550" classname="com.ztrain.web.TestRunner">
    <error type="org.openqa.selenium.ElementClickInterceptedException" message="element click intercepted: Element &lt;svg stroke=&quot;currentColor&quot; fill=&quot;none&quot; stroke-width=&quot;2&quot; viewBox=&quot;0 0 24 24&quot; stroke-linecap=&quot;round&quot; stroke-linejoin=&quot;round&quot; height=&quot;1em&quot; width=&quot;1em&quot; xmlns=&quot;http://www.w3.org/2000/svg&quot;&gt;...&lt;/svg&gt; is not clickable at point (1349, 50). Other element would receive the click: &lt;div id=&quot;style_container__P9Oh0&quot;&gt;...&lt;/div&gt;
  (Session info: chrome=102.0.5005.63)
Build info: version: &#039;4.0.0-alpha-5&#039;, revision: &#039;b3a0d621cc&#039;
System info: host: &#039;DESKTOP-L0MBEAP&#039;, ip: &#039;169.254.96.69&#039;, os.name: &#039;Windows 10&#039;, os.arch: &#039;amd64&#039;, os.version: &#039;10.0&#039;, java.version: &#039;1.8.0_211&#039;
Driver info: org.openqa.selenium.chrome.ChromeDriver
Capabilities {acceptInsecureCerts: true, browserName: chrome, browserVersion: 102.0.5005.63, chrome: {chromedriverVersion: 101.0.4951.41 (93c720db8323..., userDataDir: C:\Users\TED\AppData\Local\...}, goog:chromeOptions: {debuggerAddress: localhost:9112}, javascriptEnabled: true, networkConnectionEnabled: false, pageLoadStrategy: normal, platform: WINDOWS, platformName: WINDOWS, proxy: Proxy(), setWindowRect: true, strictFileInteractability: false, timeouts: {implicit: 0, pageLoad: 300000, script: 30000}, unhandledPromptBehavior: dismiss and notify, webauthn:extension:credBlob: true, webauthn:extension:largeBlob: true, webauthn:virtualAuthenticators: true}
Session ID: 3f96fb7b88ea9dac344bd5c3a3ce48e9">
      <![CDATA[org.openqa.selenium.ElementClickInterceptedException: element click intercepted: Element <svg stroke="currentColor" fill="none" stroke-width="2" viewBox="0 0 24 24" stroke-linecap="round" stroke-linejoin="round" height="1em" width="1em" xmlns="http://www.w3.org/2000/svg">...</svg> is not clickable at point (1349, 50). Other element would receive the click: <div id="style_container__P9Oh0">...</div>
  (Session info: chrome=102.0.5005.63)
Build info: version: '4.0.0-alpha-5', revision: 'b3a0d621cc'
System info: host: 'DESKTOP-L0MBEAP', ip: '169.254.96.69', os.name: 'Windows 10', os.arch: 'amd64', os.version: '10.0', java.version: '1.8.0_211'
Driver info: org.openqa.selenium.chrome.ChromeDriver
Capabilities {acceptInsecureCerts: true, browserName: chrome, browserVersion: 102.0.5005.63, chrome: {chromedriverVersion: 101.0.4951.41 (93c720db8323..., userDataDir: C:\Users\TED\AppData\Local\...}, goog:chromeOptions: {debuggerAddress: localhost:9112}, javascriptEnabled: true, networkConnectionEnabled: false, pageLoadStrategy: normal, platform: WINDOWS, platformName: WINDOWS, proxy: Proxy(), setWindowRect: true, strictFileInteractability: false, timeouts: {implicit: 0, pageLoad: 300000, script: 30000}, unhandledPromptBehavior: dismiss and notify, webauthn:extension:credBlob: true, webauthn:extension:largeBlob: true, webauthn:virtualAuthenticators: true}
Session ID: 3f96fb7b88ea9dac344bd5c3a3ce48e9
at sun.reflect.NativeConstructorAccessorImpl.newInstance0(Native Method)
at sun.reflect.NativeConstructorAccessorImpl.newInstance(NativeConstructorAccessorImpl.java:62)
at sun.reflect.DelegatingConstructorAccessorImpl.newInstance(DelegatingConstructorAccessorImpl.java:45)
at java.lang.reflect.Constructor.newInstance(Constructor.java:423)
at org.openqa.selenium.remote.codec.w3c.W3CHttpResponseCodec.createException(W3CHttpResponseCodec.java:196)
at org.openqa.selenium.remote.codec.w3c.W3CHttpResponseCodec.decode(W3CHttpResponseCodec.java:129)
at org.openqa.selenium.remote.codec.w3c.W3CHttpResponseCodec.decode(W3CHttpResponseCodec.java:53)
at org.openqa.selenium.remote.HttpCommandExecutor.execute(HttpCommandExecutor.java:161)
at org.openqa.selenium.remote.service.DriverCommandExecutor.execute(DriverCommandExecutor.java:83)
at org.openqa.selenium.remote.RemoteWebDriver.execute(RemoteWebDriver.java:582)
at org.openqa.selenium.remote.RemoteWebElement.execute(RemoteWebElement.java:316)
at org.openqa.selenium.remote.RemoteWebElement.click(RemoteWebElement.java:85)
at sun.reflect.NativeMethodAccessorImpl.invoke0(Native Method)
at sun.reflect.NativeMethodAccessorImpl.invoke(NativeMethodAccessorImpl.java:62)
at sun.reflect.DelegatingMethodAccessorImpl.invoke(DelegatingMethodAccessorImpl.java:43)
at java.lang.reflect.Method.invoke(Method.java:498)
at org.openqa.selenium.support.pagefactory.internal.LocatingElementHandler.invoke(LocatingElementHandler.java:52)
at com.sun.proxy.$Proxy41.click(Unknown Source)
at com.ztrain.web.pageObjects.Page.clickOn(Page.java:108)
at com.ztrain.web.pageObjects.HomePage.openCart(HomePage.java:140)
at com.ztrain.web.steps.HomeSteps.heClicksOnCartIcon(HomeSteps.java:105)
at âœ½.he clicks on cart icon(file:///C:/Users/TED/Documents/pawk/formation/selenium%20ISTQB/framework/demo_test/src/test/resources/features/cart.feature:23)
]]>
    </error>
  </testcase> <!-- runScenario -->
  <system-out/>
  <testcase name="runScenario" time="21.301" classname="com.ztrain.web.TestRunner"/>
  <system-out/>
  <testcase name="runScenario" time="4.308" classname="com.ztrain.web.TestRunner"/>
  <system-out/>
  <testcase name="runScenario" time="7.250" classname="com.ztrain.web.TestRunner"/>
  <system-out/>
  <testcase name="runScenario" time="3.843" classname="com.ztrain.web.TestRunner"/>
  <system-out/>
  <testcase name="runScenario" time="6.580" classname="com.ztrain.web.TestRunner"/>
  <system-out/>
  <testcase name="runScenario" time="1.118" classname="com.ztrain.web.TestRunner"/>
  <system-out/>
</testsuite> <!-- com.ztrain.web.TestRunner -->
