<?xml version="1.0" encoding="UTF-8"?>
<!-- Generated by org.testng.reporters.JUnitReportReporter -->
<testsuite skipped="0" hostname="DESKTOP-L0MBEAP" name="com.ztrain.web.TestRunner" tests="6" failures="0" timestamp="2022-05-19T13:58:38 CEST" time="61.768" errors="0">
  <testcase name="runScenario" time="23.061" classname="com.ztrain.web.TestRunner"/>
  <system-out/>
  <testcase name="runScenario" time="22.690" classname="com.ztrain.web.TestRunner"/>
  <system-out/>
  <testcase name="runScenario" time="2.566" classname="com.ztrain.web.TestRunner"/>
  <system-out/>
  <testcase name="runScenario" time="1.931" classname="com.ztrain.web.TestRunner"/>
  <system-out/>
  <testcase name="runScenario" time="9.304" classname="com.ztrain.web.TestRunner"/>
  <system-out/>
  <testcase name="runScenario" time="2.216" classname="com.ztrain.web.TestRunner"/>
  <system-out/>
</testsuite> <!-- com.ztrain.web.TestRunner -->
